<?xml version="1.0" encoding="UTF-8"?>
<!-- Generated by org.testng.reporters.JUnitReportReporter -->
<testsuite skipped="0" hostname="DESKTOP-K2D5D06" name="Testnng.Trial" tests="2" failures="0" timestamp="09 Mar 2024 03:44:10 GMT" time="0.021" errors="0">
  <testcase name="test1" time="0.005" classname="Testnng.Trial"/>
  <testcase name="test" time="0.016" classname="Testnng.Trial"/>
</testsuite> <!-- Testnng.Trial -->
