<?xml version="1.0" encoding="UTF-8"?>
<!-- Generated by org.testng.reporters.JUnitReportReporter -->
<testsuite skipped="0" hostname="DESKTOP-K2D5D06" name="Reporting_tools.Log4j" tests="1" failures="0" timestamp="01 Mar 2024 05:27:31 GMT" time="0.173" errors="0">
  <testcase name="report" time="0.173" classname="Reporting_tools.Log4j"/>
</testsuite> <!-- Reporting_tools.Log4j -->
