<?xml version="1.0" encoding="UTF-8"?>
<!-- Generated by org.testng.reporters.JUnitReportReporter -->
<testsuite skipped="0" hostname="DESKTOP-K2D5D06" name="Paramtrs_testng.Dependsonmethods" tests="3" failures="0" timestamp="23 Feb 2024 04:57:39 GMT" time="0.025" errors="0">
  <testcase name="compose" time="0.018" classname="Paramtrs_testng.Dependsonmethods"/>
  <testcase name="sentitems" time="0.003" classname="Paramtrs_testng.Dependsonmethods"/>
  <testcase name="trash" time="0.004" classname="Paramtrs_testng.Dependsonmethods"/>
</testsuite> <!-- Paramtrs_testng.Dependsonmethods -->
