<?xml version="1.0" encoding="UTF-8"?>
<!-- Generated by org.testng.reporters.JUnitReportReporter -->
<testsuite skipped="0" hostname="DESKTOP-K2D5D06" name="Paramtrs_testng.Invocationcount" tests="3" failures="0" timestamp="23 Feb 2024 04:52:16 GMT" time="0.032" errors="0">
  <testcase name="test1" time="0.022" classname="Paramtrs_testng.Invocationcount"/>
  <testcase name="test2" time="0.003" classname="Paramtrs_testng.Invocationcount"/>
  <testcase name="test1" time="0.007" classname="Paramtrs_testng.Invocationcount"/>
</testsuite> <!-- Paramtrs_testng.Invocationcount -->
