<?xml version="1.0" encoding="UTF-8"?>
<!-- Generated by org.testng.reporters.JUnitReportReporter -->
<testsuite skipped="1" hostname="DESKTOP-K2D5D06" name="Paramtrs_testng.Priority_para" tests="2" failures="0" timestamp="23 Feb 2024 15:11:19 GMT" time="16.497" errors="0">
  <testcase name="login" time="16.497" classname="Paramtrs_testng.Priority_para"/>
  <testcase name="login1" classname="Paramtrs_testng.Priority_para">
    <skipped/>
  </testcase> <!-- login1 -->
</testsuite> <!-- Paramtrs_testng.Priority_para -->
