<?xml version="1.0" encoding="UTF-8"?>
<!-- Generated by org.testng.reporters.JUnitReportReporter -->
<testsuite skipped="0" hostname="DESKTOP-K2D5D06" name="POMScripts.loginfb_runnerscript" tests="1" failures="0" timestamp="28 Feb 2024 03:43:23 GMT" time="21.478" errors="0">
  <testcase name="login" time="21.478" classname="POMScripts.loginfb_runnerscript"/>
</testsuite> <!-- POMScripts.loginfb_runnerscript -->
