<?xml version="1.0" encoding="UTF-8"?>
<!-- Generated by org.testng.reporters.JUnitReportReporter -->
<testsuite skipped="0" hostname="DESKTOP-K2D5D06" name="Santshsrasgn.Imgsourcealternate" tests="1" failures="0" timestamp="24 Feb 2024 09:59:20 GMT" time="10.916" errors="0">
  <testcase name="href" time="10.916" classname="Santshsrasgn.Imgsourcealternate"/>
</testsuite> <!-- Santshsrasgn.Imgsourcealternate -->
