<?xml version="1.0" encoding="UTF-8"?>
<!-- Generated by org.testng.reporters.JUnitReportReporter -->
<testsuite skipped="0" hostname="DESKTOP-K2D5D06" name="Testing_script_testng.Generate_report_print__msg_report" tests="1" failures="0" timestamp="26 Feb 2024 04:33:44 GMT" time="14.127" errors="0">
  <testcase name="login" time="14.127" classname="Testing_script_testng.Generate_report_print__msg_report"/>
</testsuite> <!-- Testing_script_testng.Generate_report_print__msg_report -->
