<?xml version="1.0" encoding="UTF-8"?>
<!-- Generated by org.testng.reporters.JUnitReportReporter -->
<testsuite skipped="0" hostname="DESKTOP-K2D5D06" name="Dropdown.Treeset_sort" tests="1" failures="0" timestamp="24 Feb 2024 05:43:32 GMT" time="14.092" errors="0">
  <testcase name="sort" time="14.092" classname="Dropdown.Treeset_sort"/>
</testsuite> <!-- Dropdown.Treeset_sort -->
