<?xml version="1.0" encoding="UTF-8"?>
<!-- Generated by org.testng.reporters.JUnitReportReporter -->
<testsuite skipped="0" hostname="DESKTOP-K2D5D06" name="Groups_testng.testannotns_Groups" tests="2" failures="0" timestamp="05 Mar 2024 04:45:37 GMT" time="0.024" errors="0">
  <testcase name="test2" time="0.018" classname="Groups_testng.testannotns_Groups"/>
  <testcase name="test3" time="0.006" classname="Groups_testng.testannotns_Groups"/>
</testsuite> <!-- Groups_testng.testannotns_Groups -->
