<?xml version="1.0" encoding="UTF-8"?>
<!-- Generated by org.testng.reporters.JUnitReportReporter -->
<testsuite skipped="0" hostname="DESKTOP-K2D5D06" name="Paramtrs_testng.Priority" tests="2" failures="0" timestamp="23 Feb 2024 04:50:30 GMT" time="0.020" errors="0">
  <testcase name="test2" time="0.017" classname="Paramtrs_testng.Priority"/>
  <testcase name="test1" time="0.003" classname="Paramtrs_testng.Priority"/>
</testsuite> <!-- Paramtrs_testng.Priority -->
