<?xml version="1.0" encoding="UTF-8"?>
<!-- Generated by org.testng.reporters.JUnitReportReporter -->
<testsuite skipped="1" hostname="DESKTOP-K2D5D06" name="Paramtrs_testng.Enabled" tests="2" failures="0" timestamp="23 Feb 2024 04:54:25 GMT" time="0.024" errors="0">
  <testcase name="test1" time="0.024" classname="Paramtrs_testng.Enabled"/>
  <testcase name="test2" classname="Paramtrs_testng.Enabled">
    <skipped/>
  </testcase> <!-- test2 -->
</testsuite> <!-- Paramtrs_testng.Enabled -->
