<?xml version="1.0" encoding="UTF-8"?>
<!-- Generated by org.testng.reporters.JUnitReportReporter -->
<testsuite skipped="0" hostname="DESKTOP-K2D5D06" name="Testng2package.Demo3" tests="1" failures="0" timestamp="23 Feb 2024 04:47:24 GMT" time="0.020" errors="0">
  <testcase name="login" time="0.020" classname="Testng2package.Demo3"/>
</testsuite> <!-- Testng2package.Demo3 -->
