<?xml version="1.0" encoding="UTF-8"?>
<!-- Generated by org.testng.reporters.JUnitReportReporter -->
<testsuite skipped="0" hostname="DESKTOP-K2D5D06" name="Santshsrasgn.Imgsrc_alternate" tests="1" failures="0" timestamp="26 Feb 2024 04:49:18 GMT" time="18.582" errors="0">
  <testcase name="href" time="18.582" classname="Santshsrasgn.Imgsrc_alternate"/>
</testsuite> <!-- Santshsrasgn.Imgsrc_alternate -->
