<?xml version="1.0" encoding="UTF-8"?>
<!-- Generated by org.testng.reporters.JUnitReportReporter -->
<testsuite skipped="0" hostname="DESKTOP-K2D5D06" name="Annotaions_Testng.Runner1" tests="2" failures="0" timestamp="26 Feb 2024 04:35:22 GMT" time="18.843" errors="0">
  <testcase name="validlogin" time="9.408" classname="Annotaions_Testng.Runner1"/>
  <testcase name="validlogin1" time="9.435" classname="Annotaions_Testng.Runner1"/>
</testsuite> <!-- Annotaions_Testng.Runner1 -->
