<?xml version="1.0" encoding="UTF-8"?>
<!-- Generated by org.testng.reporters.JUnitReportReporter -->
<testsuite skipped="0" hostname="DESKTOP-K2D5D06" name="propertyfile.Properties1" tests="1" failures="0" timestamp="04 Mar 2024 05:32:48 GMT" time="0.024" errors="0">
  <testcase name="fetchprop" time="0.024" classname="propertyfile.Properties1"/>
</testsuite> <!-- propertyfile.Properties1 -->
