<?xml version="1.0" encoding="UTF-8"?>
<!-- Generated by org.testng.reporters.JUnitReportReporter -->
<testsuite skipped="0" hostname="DESKTOP-K2D5D06" name="Dataprovider.Read_data_Runner" tests="6" failures="0" timestamp="05 Mar 2024 05:17:51 GMT" time="0.030" errors="0">
  <testcase name="loginTest" time="0.016" classname="Dataprovider.Read_data_Runner"/>
  <testcase name="loginTest1" time="0.002" classname="Dataprovider.Read_data_Runner"/>
  <testcase name="loginTest" time="0.005" classname="Dataprovider.Read_data_Runner"/>
  <testcase name="loginTest1" time="0.002" classname="Dataprovider.Read_data_Runner"/>
  <testcase name="loginTest1" time="0.003" classname="Dataprovider.Read_data_Runner"/>
  <testcase name="loginTest" time="0.002" classname="Dataprovider.Read_data_Runner"/>
</testsuite> <!-- Dataprovider.Read_data_Runner -->
