<?xml version="1.0" encoding="UTF-8"?>
<!-- Generated by org.testng.reporters.JUnitReportReporter -->
<testsuite skipped="0" hostname="DESKTOP-K2D5D06" name="Testing_script_testng.Instaloginpage$fbloginnpage" tests="1" failures="0" timestamp="20 Feb 2024 05:34:12 GMT" time="14.793" errors="0">
  <testcase name="login1" time="14.793" classname="Testing_script_testng.Instaloginpage$fbloginnpage"/>
</testsuite> <!-- Testing_script_testng.Instaloginpage$fbloginnpage -->
