<?xml version="1.0" encoding="UTF-8"?>
<!-- Generated by org.testng.reporters.JUnitReportReporter -->
<testsuite skipped="0" hostname="DESKTOP-K2D5D06" name="Parallel_exceution.Parallel1" tests="2" failures="0" timestamp="29 Feb 2024 05:15:45 GMT" time="53.528" errors="0">
  <testcase name="exec" time="22.052" classname="Parallel_exceution.Parallel1"/>
  <testcase name="exec" time="31.476" classname="Parallel_exceution.Parallel1"/>
</testsuite> <!-- Parallel_exceution.Parallel1 -->
