<?xml version="1.0" encoding="UTF-8"?>
<!-- Generated by org.testng.reporters.JUnitReportReporter -->
<testsuite skipped="0" hostname="DESKTOP-K2D5D06" name="Runner_endtoend.runner_ete" tests="1" failures="0" timestamp="28 Feb 2024 09:19:50 GMT" time="23.061" errors="0">
  <testcase name="login" time="23.061" classname="Runner_endtoend.runner_ete"/>
</testsuite> <!-- Runner_endtoend.runner_ete -->
