<?xml version="1.0" encoding="UTF-8"?>
<!-- Generated by org.testng.reporters.JUnitReportReporter -->
<testsuite skipped="0" hostname="DESKTOP-K2D5D06" name="Testing_script_testng.Instaloginpage" tests="2" failures="0" timestamp="20 Feb 2024 05:44:05 GMT" time="39.141" errors="0">
  <testcase name="login1" time="11.566" classname="Testing_script_testng.Instaloginpage"/>
  <testcase name="login" time="27.575" classname="Testing_script_testng.Instaloginpage"/>
</testsuite> <!-- Testing_script_testng.Instaloginpage -->
