<?xml version="1.0" encoding="UTF-8"?>
<!-- Generated by org.testng.reporters.JUnitReportReporter -->
<testsuite skipped="0" hostname="DESKTOP-K2D5D06" name="Annotaions_Testng.Runner2" tests="1" failures="0" timestamp="26 Feb 2024 05:33:06 GMT" time="14.819" errors="0">
  <testcase name="validLogin1" time="14.819" classname="Annotaions_Testng.Runner2"/>
</testsuite> <!-- Annotaions_Testng.Runner2 -->
