<?xml version="1.0" encoding="UTF-8"?>
<!-- Generated by org.testng.reporters.JUnitReportReporter -->
<testsuite skipped="0" hostname="DESKTOP-K2D5D06" name="Groups_testng.Groupclass2$Groups_classes" tests="1" failures="0" timestamp="05 Mar 2024 05:02:24 GMT" time="0.002" errors="0">
  <testcase name="c2" time="0.002" classname="Groups_testng.Groupclass2$Groups_classes"/>
</testsuite> <!-- Groups_testng.Groupclass2$Groups_classes -->
