<?xml version="1.0" encoding="UTF-8"?>
<!-- Generated by org.testng.reporters.JUnitReportReporter -->
<testsuite skipped="0" hostname="DESKTOP-K2D5D06" name="Testngpackge.Demo2" tests="1" failures="0" timestamp="23 Feb 2024 04:47:24 GMT" time="0.004" errors="0">
  <testcase name="login" time="0.004" classname="Testngpackge.Demo2"/>
</testsuite> <!-- Testngpackge.Demo2 -->
