<?xml version="1.0" encoding="UTF-8"?>
<!-- Generated by org.testng.reporters.JUnitReportReporter -->
<testsuite skipped="0" hostname="DESKTOP-K2D5D06" name="Reporting_tools.Extentreport" tests="1" failures="0" timestamp="01 Mar 2024 05:34:15 GMT" time="1.174" errors="0">
  <testcase name="report1" time="1.174" classname="Reporting_tools.Extentreport"/>
</testsuite> <!-- Reporting_tools.Extentreport -->
