<?xml version="1.0" encoding="UTF-8"?>
<!-- Generated by org.testng.reporters.JUnitReportReporter -->
<testsuite skipped="0" hostname="DESKTOP-K2D5D06" name="POMScripts.ValidLogin_RunnerScript" tests="1" failures="0" timestamp="27 Feb 2024 05:29:30 GMT" time="15.290" errors="0">
  <testcase name="login" time="15.290" classname="POMScripts.ValidLogin_RunnerScript"/>
</testsuite> <!-- POMScripts.ValidLogin_RunnerScript -->
