<?xml version="1.0" encoding="UTF-8"?>
<!-- Generated by org.testng.reporters.JUnitReportReporter -->
<testsuite skipped="0" hostname="DESKTOP-K2D5D06" name="Groups_testng.Groups_classes" tests="3" failures="0" timestamp="05 Mar 2024 05:02:24 GMT" time="0.048" errors="0">
  <testcase name="d1" time="0.040" classname="Groups_testng.Groups_classes"/>
  <testcase name="d2" time="0.005" classname="Groups_testng.Groups_classes"/>
  <testcase name="d3" time="0.003" classname="Groups_testng.Groups_classes"/>
</testsuite> <!-- Groups_testng.Groups_classes -->
